@@@@@@@@@@@@@@@@@@@@@@@@@@@@@@@@@@@@@@@@@@@@@@@@@@@@@@@@@@@@@@@@@@@@@@@
@@@@                                                               @@@@
@@          /        ==============================        /         @@
@         ////           @@       @@  #@                  ////        @
@         ////*          @@ @%  @ @@     @@  @ #@#       /////        @
@     ((( ////))))   @@  @% @%  @ @@  #@ @@  @ #@@#   ///////( ///    @
@     ((((, / )))))   @@@@   @@@  @@  ##  @@@   #@#   ///// ,/////    @
@     (((((/ )))((   ==============================   ((((./////*     @
@   *//*./ /  .///   ===  PROGRAMMING LANGUAGE  ===  ////   / ( (//   @
@    ///// / /////   ==============================  *////* / ////    @
@     ///// ///// ((                               (( ///// /////     @
@    ((((/ , (((((                                (((((  //   /(((    @
@    (((((((/ . (((((                             ((((( */ (((((((    @
@      (((((( //((((/((((                    *((((/((((/( (((((/      @
@       .//,   */    (((((                   (((((  ///    .//.       @
@      ,////////./(  (((((*////         (///(((((( ,/(,////////       @
@         //////// ,// ((( /////,     ////// ((( //  ///////*         @
@            (((((((((,//  */////     /////   (//(((((((((            @
@            (((((((((((  (/////       //.///  (((((((((((.           @
@                   (///////// //(   (//.//////////                   @
@                  (/////////             //////////                  @
@                                                                     @
@@          A L G O N Q U I N   C O L L E G E  -  2 0 2 3 W          @@
@@@@                                                               @@@@
@@@@@@@@@@@@@@@@@@@@@@@@@@@@@@@@@@@@@@@@@@@@@@@@@@@@@@@@@@@@@@@@@@@@@@@

[Option 'R': Starting READER .....]

Reading file INPUT5_General.cld ....Please wait
The input file INPUT5_General.cld has not been completely loaded.
Current size of buffer: 250.
Last character read from the input file is: u 117
Input file size: 586

Printing buffer parameters:

The capacity of the buffer is:  250
The current size of the buffer is:  250
The operational mode of the buffer is: F
The increment factor of the buffer is:  10
The first symbol in the buffer is:  #
The value of the flags field is: 04
Number of different chars read: 47
Number of errors: 0

Printing buffer contents:

#Cloud Example 6
function Main()
       Int i;
       Float a, sum008;
       String text;
       a=a+1.2;
       sum008 = 7.87050;
       readline(a,sum008);
       i=0;
       while (i < 32767 .or. i == 32767)
	i = i + 2;
	a = a * i/0.5;
	sum008 =s